# JRE version: OpenJDK Runtime Environment (17.0.10) (build 17.0.10+0--11572160)
# Java VM: OpenJDK 64-Bit Server VM (17.0.10+0--11572160, mixed mode, tiered, compressed oops, compressed class ptrs, g1 gc, windows-amd64)
GC Precious Log:
 CPUs: 8 total, 8 available
 Memory: 12138M
 Large Page Support: Disabled
 NUMA Support: Disabled
 Compressed Oops: Enabled (32-bit)
 Heap Region Size: 1M
 Heap Min Capacity: 8M
 Heap Initial Capacity: 190M
 Heap Max Capacity: 2G
 Pre-touch: Disabled
 Parallel Workers: 8
 Concurrent Workers: 2
 Concurrent Refinement Workers: 8
 Periodic GC: Disabled
Heap:
 garbage-first heap   total 237568K, used 227567K [0x0000000080000000, 0x0000000100000000)
  region size 1024K, 8 young (8192K), 2 survivors (2048K)
 Metaspace       used 122280K, committed 123328K, reserved 1179648K
  class space    used 16511K, committed 17024K, reserved 1048576K
GC Heap History (20 events):
Event: 492.696 GC heap before
{Heap before GC invocations=62 (full 0):
 garbage-first heap   total 237568K, used 199499K [0x0000000080000000, 0x0000000100000000)
  region size 1024K, 40 young (40960K), 5 survivors (5120K)
 Metaspace       used 115382K, committed 116288K, reserved 1179648K
  class space    used 15572K, committed 16000K, reserved 1048576K
}
Event: 492.758 GC heap after
{Heap after GC invocations=63 (full 0):
 garbage-first heap   total 237568K, used 166302K [0x0000000080000000, 0x0000000100000000)
  region size 1024K, 2 young (2048K), 2 survivors (2048K)
 Metaspace       used 115382K, committed 116288K, reserved 1179648K
  class space    used 15572K, committed 16000K, reserved 1048576K
}
Event: 1231.114 GC heap before
{Heap before GC invocations=63 (full 0):
 garbage-first heap   total 237568K, used 202142K [0x0000000080000000, 0x0000000100000000)
  region size 1024K, 37 young (37888K), 2 survivors (2048K)
 Metaspace       used 115698K, committed 116672K, reserved 1179648K
  class space    used 15604K, committed 16064K, reserved 1048576K
}
Event: 1231.127 GC heap after
{Heap after GC invocations=64 (full 0):
 garbage-first heap   total 237568K, used 167701K [0x0000000080000000, 0x0000000100000000)
  region size 1024K, 4 young (4096K), 4 survivors (4096K)
 Metaspace       used 115698K, committed 116672K, reserved 1179648K
  class space    used 15604K, committed 16064K, reserved 1048576K
}
Event: 1233.085 GC heap before
{Heap before GC invocations=64 (full 0):
 garbage-first heap   total 237568K, used 202517K [0x0000000080000000, 0x0000000100000000)
  region size 1024K, 38 young (38912K), 4 survivors (4096K)
 Metaspace       used 116880K, committed 117824K, reserved 1179648K
  class space    used 15757K, committed 16192K, reserved 1048576K
}
Event: 1233.097 GC heap after
{Heap after GC invocations=65 (full 0):
 garbage-first heap   total 237568K, used 171384K [0x0000000080000000, 0x0000000100000000)
  region size 1024K, 5 young (5120K), 5 survivors (5120K)
 Metaspace       used 116880K, committed 117824K, reserved 1179648K
  class space    used 15757K, committed 16192K, reserved 1048576K
}
Event: 1233.968 GC heap before
{Heap before GC invocations=65 (full 0):
 garbage-first heap   total 237568K, used 202104K [0x0000000080000000, 0x0000000100000000)
  region size 1024K, 35 young (35840K), 5 survivors (5120K)
 Metaspace       used 118245K, committed 119232K, reserved 1179648K
  class space    used 15946K, committed 16384K, reserved 1048576K
}
Event: 1233.987 GC heap after
{Heap after GC invocations=66 (full 0):
 garbage-first heap   total 237568K, used 174549K [0x0000000080000000, 0x0000000100000000)
  region size 1024K, 3 young (3072K), 3 survivors (3072K)
 Metaspace       used 118245K, committed 119232K, reserved 1179648K
  class space    used 15946K, committed 16384K, reserved 1048576K
}
Event: 1235.089 GC heap before
{Heap before GC invocations=66 (full 0):
 garbage-first heap   total 237568K, used 202197K [0x0000000080000000, 0x0000000100000000)
  region size 1024K, 31 young (31744K), 3 survivors (3072K)
 Metaspace       used 119289K, committed 120384K, reserved 1179648K
  class space    used 16155K, committed 16704K, reserved 1048576K
}
Event: 1235.104 GC heap after
{Heap after GC invocations=67 (full 0):
 garbage-first heap   total 237568K, used 178480K [0x0000000080000000, 0x0000000100000000)
  region size 1024K, 4 young (4096K), 4 survivors (4096K)
 Metaspace       used 119289K, committed 120384K, reserved 1179648K
  class space    used 16155K, committed 16704K, reserved 1048576K
}
Event: 1236.688 GC heap before
{Heap before GC invocations=67 (full 0):
 garbage-first heap   total 237568K, used 205104K [0x0000000080000000, 0x0000000100000000)
  region size 1024K, 29 young (29696K), 4 survivors (4096K)
 Metaspace       used 121182K, committed 122240K, reserved 1179648K
  class space    used 16392K, committed 16896K, reserved 1048576K
}
Event: 1236.710 GC heap after
{Heap after GC invocations=68 (full 0):
 garbage-first heap   total 237568K, used 187463K [0x0000000080000000, 0x0000000100000000)
  region size 1024K, 4 young (4096K), 4 survivors (4096K)
 Metaspace       used 121182K, committed 122240K, reserved 1179648K
  class space    used 16392K, committed 16896K, reserved 1048576K
}
Event: 1237.093 GC heap before
{Heap before GC invocations=68 (full 0):
 garbage-first heap   total 237568K, used 199751K [0x0000000080000000, 0x0000000100000000)
  region size 1024K, 16 young (16384K), 4 survivors (4096K)
 Metaspace       used 121335K, committed 122368K, reserved 1179648K
  class space    used 16410K, committed 16896K, reserved 1048576K
}
Event: 1237.244 GC heap after
{Heap after GC invocations=69 (full 0):
 garbage-first heap   total 237568K, used 196961K [0x0000000080000000, 0x0000000100000000)
  region size 1024K, 2 young (2048K), 2 survivors (2048K)
 Metaspace       used 121335K, committed 122368K, reserved 1179648K
  class space    used 16410K, committed 16896K, reserved 1048576K
}
Event: 1237.517 GC heap before
{Heap before GC invocations=69 (full 0):
 garbage-first heap   total 237568K, used 205153K [0x0000000080000000, 0x0000000100000000)
  region size 1024K, 11 young (11264K), 2 survivors (2048K)
 Metaspace       used 121549K, committed 122560K, reserved 1179648K
  class space    used 16434K, committed 16896K, reserved 1048576K
}
Event: 1237.531 GC heap after
{Heap after GC invocations=70 (full 0):
 garbage-first heap   total 237568K, used 200704K [0x0000000080000000, 0x0000000100000000)
  region size 1024K, 2 young (2048K), 2 survivors (2048K)
 Metaspace       used 121549K, committed 122560K, reserved 1179648K
  class space    used 16434K, committed 16896K, reserved 1048576K
}
Event: 1238.120 GC heap before
{Heap before GC invocations=70 (full 0):
 garbage-first heap   total 237568K, used 209920K [0x0000000080000000, 0x0000000100000000)
  region size 1024K, 11 young (11264K), 2 survivors (2048K)
 Metaspace       used 121764K, committed 122816K, reserved 1179648K
  class space    used 16450K, committed 16960K, reserved 1048576K
}
Event: 1238.129 GC heap after
{Heap after GC invocations=71 (full 0):
 garbage-first heap   total 237568K, used 203886K [0x0000000080000000, 0x0000000100000000)
  region size 1024K, 2 young (2048K), 2 survivors (2048K)
 Metaspace       used 121764K, committed 122816K, reserved 1179648K
  class space    used 16450K, committed 16960K, reserved 1048576K
}
Event: 1238.448 GC heap before
{Heap before GC invocations=71 (full 0):
 garbage-first heap   total 237568K, used 216174K [0x0000000080000000, 0x0000000100000000)
  region size 1024K, 9 young (9216K), 2 survivors (2048K)
 Metaspace       used 121787K, committed 122880K, reserved 1179648K
  class space    used 16450K, committed 16960K, reserved 1048576K
}
Event: 1238.476 GC heap after
{Heap after GC invocations=72 (full 0):
 garbage-first heap   total 237568K, used 212207K [0x0000000080000000, 0x0000000100000000)
  region size 1024K, 2 young (2048K), 2 survivors (2048K)
 Metaspace       used 121787K, committed 122880K, reserved 1179648K
  class space    used 16450K, committed 16960K, reserved 1048576K
}

